TN:
SF:index.js
FN:7,(anonymous_0)
FNF:1
FNH:1
FNDA:8,(anonymous_0)
DA:2,1
DA:3,1
DA:5,1
DA:7,1
DA:9,8
DA:15,8
DA:17,8
DA:18,1
DA:26,7
DA:27,1
DA:39,6
DA:40,6
DA:42,1
DA:53,5
DA:54,5
DA:55,5
DA:58,5
DA:59,1
DA:70,4
DA:71,4
DA:72,1
DA:83,3
DA:92,3
DA:97,2
DA:108,1
DA:110,1
LF:26
LH:26
BRDA:17,0,0,1
BRDA:17,0,1,7
BRDA:26,1,0,1
BRDA:26,1,1,6
BRDA:53,2,0,5
BRDA:53,2,1,0
BRDA:54,3,0,4
BRDA:54,3,1,1
BRDA:55,4,0,4
BRDA:55,4,1,1
BRDA:58,5,0,1
BRDA:58,5,1,4
BRDA:58,6,0,5
BRDA:58,6,1,5
BRDA:58,6,2,4
BRDA:71,7,0,1
BRDA:71,7,1,3
BRF:17
BRH:16
end_of_record
